2025-10-06 20:05:10 [main] INFO  c.t.f.FitnessManagementApplication - Starting FitnessManagementApplication using Java 24.0.2 with PID 74725 (/Users/mercury/Developer/coursework/4156_Advanced_SWE/COMSW4156-TeamX/target/classes started by mercury in /Users/mercury/Developer/coursework/4156_Advanced_SWE/COMSW4156-TeamX)
2025-10-06 20:05:10 [main] DEBUG c.t.f.FitnessManagementApplication - Running with Spring Boot v3.2.0, Spring v6.1.1
2025-10-06 20:05:10 [main] INFO  c.t.f.FitnessManagementApplication - No active profile set, falling back to 1 default profile: "default"
2025-10-06 20:05:12 [main] INFO  o.s.d.r.c.RepositoryConfigurationDelegate - Bootstrapping Spring Data JPA repositories in DEFAULT mode.
2025-10-06 20:05:12 [main] INFO  o.s.d.r.c.RepositoryConfigurationDelegate - Finished Spring Data repository scanning in 17 ms. Found 0 JPA repository interfaces.
2025-10-06 20:05:12 [main] INFO  o.s.b.w.e.tomcat.TomcatWebServer - Tomcat initialized with port 8080 (http)
2025-10-06 20:05:12 [main] INFO  o.a.catalina.core.StandardService - Starting service [Tomcat]
2025-10-06 20:05:12 [main] INFO  o.a.catalina.core.StandardEngine - Starting Servlet engine: [Apache Tomcat/10.1.16]
2025-10-06 20:05:12 [main] INFO  o.a.c.c.C.[Tomcat].[localhost].[/] - Initializing Spring embedded WebApplicationContext
2025-10-06 20:05:12 [main] INFO  o.s.b.w.s.c.ServletWebServerApplicationContext - Root WebApplicationContext: initialization completed in 1915 ms
2025-10-06 20:05:13 [main] INFO  com.zaxxer.hikari.HikariDataSource - HikariPool-1 - Starting...
2025-10-06 20:05:13 [main] INFO  com.zaxxer.hikari.pool.HikariPool - HikariPool-1 - Added connection conn0: url=jdbc:h2:mem:fitnessdb user=SA
2025-10-06 20:05:13 [main] INFO  com.zaxxer.hikari.HikariDataSource - HikariPool-1 - Start completed.
2025-10-06 20:05:13 [main] INFO  o.s.b.a.h.H2ConsoleAutoConfiguration - H2 console available at '/h2-console'. Database available at 'jdbc:h2:mem:fitnessdb'
2025-10-06 20:05:13 [main] INFO  o.h.jpa.internal.util.LogHelper - HHH000204: Processing PersistenceUnitInfo [name: default]
2025-10-06 20:05:13 [main] INFO  org.hibernate.Version - HHH000412: Hibernate ORM core version 6.3.1.Final
2025-10-06 20:05:13 [main] INFO  o.h.c.i.RegionFactoryInitiator - HHH000026: Second-level cache disabled
2025-10-06 20:05:13 [main] INFO  o.s.o.j.p.SpringPersistenceUnitInfo - No LoadTimeWeaver setup: ignoring JPA class transformer
2025-10-06 20:05:13 [main] WARN  org.hibernate.orm.deprecation - HHH90000025: H2Dialect does not need to be specified explicitly using 'hibernate.dialect' (remove the property setting and it will be selected by default)
2025-10-06 20:05:14 [main] INFO  o.h.e.t.j.p.i.JtaPlatformInitiator - HHH000489: No JTA platform available (set 'hibernate.transaction.jta.platform' to enable JTA platform integration)
2025-10-06 20:05:14 [main] DEBUG org.hibernate.SQL - 
    drop table if exists api_logs cascade 
2025-10-06 20:05:14 [main] DEBUG org.hibernate.SQL - 
    drop table if exists persons_simple cascade 
2025-10-06 20:05:14 [main] DEBUG org.hibernate.SQL - 
    create table api_logs (
        response_status integer,
        id bigint generated by default as identity,
        response_time bigint,
        timestamp timestamp(6) not null,
        client_id varchar(255) not null,
        endpoint varchar(255) not null,
        error_message varchar(255),
        http_method varchar(255) not null,
        ip_address varchar(255),
        request_payload TEXT,
        user_agent varchar(255),
        primary key (id)
    )
2025-10-06 20:05:14 [main] DEBUG org.hibernate.SQL - 
    create table persons_simple (
        birth_date date not null,
        height float(53) not null,
        weight float(53) not null,
        id bigint generated by default as identity,
        name varchar(255) not null,
        primary key (id)
    )
2025-10-06 20:05:14 [main] INFO  o.s.o.j.LocalContainerEntityManagerFactoryBean - Initialized JPA EntityManagerFactory for persistence unit 'default'
2025-10-06 20:05:14 [main] WARN  o.s.b.a.o.j.JpaBaseConfiguration$JpaWebConfiguration - spring.jpa.open-in-view is enabled by default. Therefore, database queries may be performed during view rendering. Explicitly configure spring.jpa.open-in-view to disable this warning
2025-10-06 20:05:14 [main] DEBUG o.s.w.s.m.m.a.RequestMappingHandlerMapping - 14 mappings in 'requestMappingHandlerMapping'
2025-10-06 20:05:14 [main] DEBUG o.s.w.s.h.SimpleUrlHandlerMapping - Patterns [/webjars/**, /**, /swagger-ui*/*swagger-initializer.js, /swagger-ui*/**] in 'resourceHandlerMapping'
2025-10-06 20:05:14 [main] DEBUG o.s.w.s.m.m.a.RequestMappingHandlerAdapter - ControllerAdvice beans: 0 @ModelAttribute, 0 @InitBinder, 1 RequestBodyAdvice, 1 ResponseBodyAdvice
2025-10-06 20:05:14 [main] DEBUG o.s.w.s.m.m.a.ExceptionHandlerExceptionResolver - ControllerAdvice beans: 1 @ExceptionHandler, 1 ResponseBodyAdvice
2025-10-06 20:05:14 [main] WARN  o.s.b.w.s.c.AnnotationConfigServletWebServerApplicationContext - Exception encountered during context initialization - cancelling refresh attempt: org.springframework.beans.factory.BeanCreationException: Error creating bean with name 'dataSourceScriptDatabaseInitializer' defined in class path resource [org/springframework/boot/autoconfigure/sql/init/DataSourceInitializationConfiguration.class]: Failed to execute SQL script statement #1 of file [/Users/mercury/Developer/coursework/4156_Advanced_SWE/COMSW4156-TeamX/target/classes/data.sql]: INSERT INTO exercises (name, description, type, met_value, primary_muscle_group, difficulty, equipment_needed) VALUES ('Running', 'Outdoor or treadmill running', 'AEROBIC', 8.0, 'FULL_BODY', 'BEGINNER', 'None'), ('Bench Press', 'Barbell bench press', 'ANAEROBIC', 6.0, 'CHEST', 'INTERMEDIATE', 'Barbell, Bench'), ('Squats', 'Bodyweight or weighted squats', 'ANAEROBIC', 5.5, 'LEGS', 'BEGINNER', 'None or Barbell'), ('Cycling', 'Stationary or outdoor cycling', 'AEROBIC', 7.5, 'LEGS', 'BEGINNER', 'Bicycle'), ('Yoga', 'General yoga practice', 'FLEXIBILITY', 3.0, 'FULL_BODY', 'BEGINNER', 'Yoga Mat'), ('Deadlifts', 'Barbell deadlifts', 'ANAEROBIC', 6.5, 'BACK', 'ADVANCED', 'Barbell'), ('Push-ups', 'Standard push-ups', 'ANAEROBIC', 3.8, 'CHEST', 'BEGINNER', 'None'), ('Swimming', 'Freestyle swimming', 'AEROBIC', 8.5, 'FULL_BODY', 'INTERMEDIATE', 'Swimming Pool')
2025-10-06 20:05:14 [main] INFO  o.s.o.j.LocalContainerEntityManagerFactoryBean - Closing JPA EntityManagerFactory for persistence unit 'default'
2025-10-06 20:05:14 [main] DEBUG org.hibernate.SQL - 
    drop table if exists api_logs cascade 
2025-10-06 20:05:14 [main] DEBUG org.hibernate.SQL - 
    drop table if exists persons_simple cascade 
2025-10-06 20:05:14 [main] INFO  com.zaxxer.hikari.HikariDataSource - HikariPool-1 - Shutdown initiated...
2025-10-06 20:05:14 [main] INFO  com.zaxxer.hikari.HikariDataSource - HikariPool-1 - Shutdown completed.
2025-10-06 20:05:14 [main] INFO  o.a.catalina.core.StandardService - Stopping service [Tomcat]
2025-10-06 20:05:14 [main] INFO  o.s.b.a.l.ConditionEvaluationReportLogger - 

Error starting ApplicationContext. To display the condition evaluation report re-run your application with 'debug' enabled.
2025-10-06 20:05:14 [main] ERROR o.s.boot.SpringApplication - Application run failed
org.springframework.beans.factory.BeanCreationException: Error creating bean with name 'dataSourceScriptDatabaseInitializer' defined in class path resource [org/springframework/boot/autoconfigure/sql/init/DataSourceInitializationConfiguration.class]: Failed to execute SQL script statement #1 of file [/Users/mercury/Developer/coursework/4156_Advanced_SWE/COMSW4156-TeamX/target/classes/data.sql]: INSERT INTO exercises (name, description, type, met_value, primary_muscle_group, difficulty, equipment_needed) VALUES ('Running', 'Outdoor or treadmill running', 'AEROBIC', 8.0, 'FULL_BODY', 'BEGINNER', 'None'), ('Bench Press', 'Barbell bench press', 'ANAEROBIC', 6.0, 'CHEST', 'INTERMEDIATE', 'Barbell, Bench'), ('Squats', 'Bodyweight or weighted squats', 'ANAEROBIC', 5.5, 'LEGS', 'BEGINNER', 'None or Barbell'), ('Cycling', 'Stationary or outdoor cycling', 'AEROBIC', 7.5, 'LEGS', 'BEGINNER', 'Bicycle'), ('Yoga', 'General yoga practice', 'FLEXIBILITY', 3.0, 'FULL_BODY', 'BEGINNER', 'Yoga Mat'), ('Deadlifts', 'Barbell deadlifts', 'ANAEROBIC', 6.5, 'BACK', 'ADVANCED', 'Barbell'), ('Push-ups', 'Standard push-ups', 'ANAEROBIC', 3.8, 'CHEST', 'BEGINNER', 'None'), ('Swimming', 'Freestyle swimming', 'AEROBIC', 8.5, 'FULL_BODY', 'INTERMEDIATE', 'Swimming Pool')
	at org.springframework.beans.factory.support.AbstractAutowireCapableBeanFactory.initializeBean(AbstractAutowireCapableBeanFactory.java:1775)
	at org.springframework.beans.factory.support.AbstractAutowireCapableBeanFactory.doCreateBean(AbstractAutowireCapableBeanFactory.java:601)
	at org.springframework.beans.factory.support.AbstractAutowireCapableBeanFactory.createBean(AbstractAutowireCapableBeanFactory.java:523)
	at org.springframework.beans.factory.support.AbstractBeanFactory.lambda$doGetBean$0(AbstractBeanFactory.java:325)
	at org.springframework.beans.factory.support.DefaultSingletonBeanRegistry.getSingleton(DefaultSingletonBeanRegistry.java:234)
	at org.springframework.beans.factory.support.AbstractBeanFactory.doGetBean(AbstractBeanFactory.java:323)
	at org.springframework.beans.factory.support.AbstractBeanFactory.getBean(AbstractBeanFactory.java:199)
	at org.springframework.beans.factory.support.AbstractBeanFactory.doGetBean(AbstractBeanFactory.java:312)
	at org.springframework.beans.factory.support.AbstractBeanFactory.getBean(AbstractBeanFactory.java:199)
	at org.springframework.beans.factory.support.DefaultListableBeanFactory.preInstantiateSingletons(DefaultListableBeanFactory.java:973)
	at org.springframework.context.support.AbstractApplicationContext.finishBeanFactoryInitialization(AbstractApplicationContext.java:946)
	at org.springframework.context.support.AbstractApplicationContext.refresh(AbstractApplicationContext.java:616)
	at org.springframework.boot.web.servlet.context.ServletWebServerApplicationContext.refresh(ServletWebServerApplicationContext.java:146)
	at org.springframework.boot.SpringApplication.refresh(SpringApplication.java:753)
	at org.springframework.boot.SpringApplication.refreshContext(SpringApplication.java:455)
	at org.springframework.boot.SpringApplication.run(SpringApplication.java:323)
	at org.springframework.boot.SpringApplication.run(SpringApplication.java:1342)
	at org.springframework.boot.SpringApplication.run(SpringApplication.java:1331)
	at com.teamx.fitness.FitnessManagementApplication.main(FitnessManagementApplication.java:20)
Caused by: org.springframework.jdbc.datasource.init.ScriptStatementFailedException: Failed to execute SQL script statement #1 of file [/Users/mercury/Developer/coursework/4156_Advanced_SWE/COMSW4156-TeamX/target/classes/data.sql]: INSERT INTO exercises (name, description, type, met_value, primary_muscle_group, difficulty, equipment_needed) VALUES ('Running', 'Outdoor or treadmill running', 'AEROBIC', 8.0, 'FULL_BODY', 'BEGINNER', 'None'), ('Bench Press', 'Barbell bench press', 'ANAEROBIC', 6.0, 'CHEST', 'INTERMEDIATE', 'Barbell, Bench'), ('Squats', 'Bodyweight or weighted squats', 'ANAEROBIC', 5.5, 'LEGS', 'BEGINNER', 'None or Barbell'), ('Cycling', 'Stationary or outdoor cycling', 'AEROBIC', 7.5, 'LEGS', 'BEGINNER', 'Bicycle'), ('Yoga', 'General yoga practice', 'FLEXIBILITY', 3.0, 'FULL_BODY', 'BEGINNER', 'Yoga Mat'), ('Deadlifts', 'Barbell deadlifts', 'ANAEROBIC', 6.5, 'BACK', 'ADVANCED', 'Barbell'), ('Push-ups', 'Standard push-ups', 'ANAEROBIC', 3.8, 'CHEST', 'BEGINNER', 'None'), ('Swimming', 'Freestyle swimming', 'AEROBIC', 8.5, 'FULL_BODY', 'INTERMEDIATE', 'Swimming Pool')
	at org.springframework.jdbc.datasource.init.ScriptUtils.executeSqlScript(ScriptUtils.java:282)
	at org.springframework.jdbc.datasource.init.ResourceDatabasePopulator.populate(ResourceDatabasePopulator.java:254)
	at org.springframework.jdbc.datasource.init.DatabasePopulatorUtils.execute(DatabasePopulatorUtils.java:54)
	at org.springframework.boot.jdbc.init.DataSourceScriptDatabaseInitializer.runScripts(DataSourceScriptDatabaseInitializer.java:87)
	at org.springframework.boot.sql.init.AbstractScriptDatabaseInitializer.runScripts(AbstractScriptDatabaseInitializer.java:146)
	at org.springframework.boot.sql.init.AbstractScriptDatabaseInitializer.applyScripts(AbstractScriptDatabaseInitializer.java:108)
	at org.springframework.boot.sql.init.AbstractScriptDatabaseInitializer.applyDataScripts(AbstractScriptDatabaseInitializer.java:102)
	at org.springframework.boot.sql.init.AbstractScriptDatabaseInitializer.initializeDatabase(AbstractScriptDatabaseInitializer.java:77)
	at org.springframework.boot.sql.init.AbstractScriptDatabaseInitializer.afterPropertiesSet(AbstractScriptDatabaseInitializer.java:66)
	at org.springframework.beans.factory.support.AbstractAutowireCapableBeanFactory.invokeInitMethods(AbstractAutowireCapableBeanFactory.java:1822)
	at org.springframework.beans.factory.support.AbstractAutowireCapableBeanFactory.initializeBean(AbstractAutowireCapableBeanFactory.java:1771)
	... 18 common frames omitted
Caused by: org.h2.jdbc.JdbcSQLSyntaxErrorException: Table "EXERCISES" not found; SQL statement:
INSERT INTO exercises (name, description, type, met_value, primary_muscle_group, difficulty, equipment_needed) VALUES ('Running', 'Outdoor or treadmill running', 'AEROBIC', 8.0, 'FULL_BODY', 'BEGINNER', 'None'), ('Bench Press', 'Barbell bench press', 'ANAEROBIC', 6.0, 'CHEST', 'INTERMEDIATE', 'Barbell, Bench'), ('Squats', 'Bodyweight or weighted squats', 'ANAEROBIC', 5.5, 'LEGS', 'BEGINNER', 'None or Barbell'), ('Cycling', 'Stationary or outdoor cycling', 'AEROBIC', 7.5, 'LEGS', 'BEGINNER', 'Bicycle'), ('Yoga', 'General yoga practice', 'FLEXIBILITY', 3.0, 'FULL_BODY', 'BEGINNER', 'Yoga Mat'), ('Deadlifts', 'Barbell deadlifts', 'ANAEROBIC', 6.5, 'BACK', 'ADVANCED', 'Barbell'), ('Push-ups', 'Standard push-ups', 'ANAEROBIC', 3.8, 'CHEST', 'BEGINNER', 'None'), ('Swimming', 'Freestyle swimming', 'AEROBIC', 8.5, 'FULL_BODY', 'INTERMEDIATE', 'Swimming Pool') [42102-224]
	at org.h2.message.DbException.getJdbcSQLException(DbException.java:514)
	at org.h2.message.DbException.getJdbcSQLException(DbException.java:489)
	at org.h2.message.DbException.get(DbException.java:223)
	at org.h2.message.DbException.get(DbException.java:199)
	at org.h2.command.Parser.getTableOrViewNotFoundDbException(Parser.java:8064)
	at org.h2.command.Parser.getTableOrViewNotFoundDbException(Parser.java:8035)
	at org.h2.command.Parser.readTableOrView(Parser.java:8024)
	at org.h2.command.Parser.readTableOrView(Parser.java:7990)
	at org.h2.command.Parser.parseInsert(Parser.java:1540)
	at org.h2.command.Parser.parsePrepared(Parser.java:719)
	at org.h2.command.Parser.parse(Parser.java:592)
	at org.h2.command.Parser.parse(Parser.java:564)
	at org.h2.command.Parser.prepareCommand(Parser.java:483)
	at org.h2.engine.SessionLocal.prepareLocal(SessionLocal.java:639)
	at org.h2.engine.SessionLocal.prepareCommand(SessionLocal.java:559)
	at org.h2.jdbc.JdbcConnection.prepareCommand(JdbcConnection.java:1166)
	at org.h2.jdbc.JdbcStatement.executeInternal(JdbcStatement.java:245)
	at org.h2.jdbc.JdbcStatement.execute(JdbcStatement.java:231)
	at com.zaxxer.hikari.pool.ProxyStatement.execute(ProxyStatement.java:94)
	at com.zaxxer.hikari.pool.HikariProxyStatement.execute(HikariProxyStatement.java)
	at org.springframework.jdbc.datasource.init.ScriptUtils.executeSqlScript(ScriptUtils.java:261)
	... 28 common frames omitted
